<?xml version="1.0" encoding="UTF-8"?>
<!-- Generated by org.testng.reporters.JUnitReportReporter -->
<testsuite hostname="NANOMARK85" failures="0" tests="1" name="LoginTest" time="3.743" errors="0" timestamp="2025-08-04T15:33:32 IST" skipped="0">
  <testcase classname="LoginTest" name="testLogin" time="3.743"/>
</testsuite> <!-- LoginTest -->
