<?xml version="1.0" encoding="UTF-8"?>
<!-- Generated by org.testng.reporters.JUnitReportReporter -->
<testsuite hostname="NANOMARK85" failures="0" tests="1" name="com.ecommerce.testing.LoginTest" time="4.702" errors="0" timestamp="2025-08-04T15:52:01 IST" skipped="0">
  <testcase classname="com.ecommerce.testing.LoginTest" name="testLogin" time="4.702"/>
</testsuite> <!-- com.ecommerce.testing.LoginTest -->
